# JRE version: OpenJDK Runtime Environment Zulu17.36+17-CA (17.0.4.1+1) (build 17.0.4.1+1-LTS)
# Java VM: OpenJDK 64-Bit Server VM Zulu17.36+17-CA (17.0.4.1+1-LTS, mixed mode, sharing, tiered, compressed oops, compressed class ptrs, g1 gc, windows-amd64)
GC Precious Log:
 CPUs: 24 total, 24 available
 Memory: 127G
 Large Page Support: Disabled
 NUMA Support: Disabled
 Compressed Oops: Enabled (Zero based)
 Heap Region Size: 16M
 Heap Min Capacity: 16M
 Heap Initial Capacity: 2G
 Heap Max Capacity: 30688M
 Pre-touch: Disabled
 Parallel Workers: 18
 Concurrent Workers: 5
 Concurrent Refinement Workers: 18
 Periodic GC: Disabled
Heap:
 garbage-first heap   total 1245184K, used 159217K [0x0000000082000000, 0x0000000800000000)
  region size 16384K, 8 young (131072K), 1 survivors (16384K)
 Metaspace       used 46637K, committed 47040K, reserved 1089536K
  class space    used 6095K, committed 6272K, reserved 1048576K
GC Heap History (20 events):
Event: 11.130 GC heap before
{Heap before GC invocations=4 (full 0):
 garbage-first heap   total 163840K, used 27772K [0x0000000082000000, 0x0000000800000000)
  region size 16384K, 2 young (32768K), 1 survivors (16384K)
 Metaspace       used 28549K, committed 28800K, reserved 1081344K
  class space    used 3439K, committed 3584K, reserved 1048576K
}
Event: 11.137 GC heap after
{Heap after GC invocations=5 (full 0):
 garbage-first heap   total 163840K, used 31620K [0x0000000082000000, 0x0000000800000000)
  region size 16384K, 1 young (16384K), 1 survivors (16384K)
 Metaspace       used 28549K, committed 28800K, reserved 1081344K
  class space    used 3439K, committed 3584K, reserved 1048576K
}
Event: 11.162 GC heap before
{Heap before GC invocations=5 (full 0):
 garbage-first heap   total 163840K, used 80772K [0x0000000082000000, 0x0000000800000000)
  region size 16384K, 5 young (81920K), 1 survivors (16384K)
 Metaspace       used 29470K, committed 29696K, reserved 1081344K
  class space    used 3552K, committed 3648K, reserved 1048576K
}
Event: 11.164 GC heap after
{Heap after GC invocations=6 (full 0):
 garbage-first heap   total 163840K, used 36367K [0x0000000082000000, 0x0000000800000000)
  region size 16384K, 1 young (16384K), 1 survivors (16384K)
 Metaspace       used 29470K, committed 29696K, reserved 1081344K
  class space    used 3552K, committed 3648K, reserved 1048576K
}
Event: 11.182 GC heap before
{Heap before GC invocations=6 (full 0):
 garbage-first heap   total 163840K, used 85519K [0x0000000082000000, 0x0000000800000000)
  region size 16384K, 5 young (81920K), 1 survivors (16384K)
 Metaspace       used 29952K, committed 30272K, reserved 1081344K
  class space    used 3618K, committed 3776K, reserved 1048576K
}
Event: 11.185 GC heap after
{Heap after GC invocations=7 (full 0):
 garbage-first heap   total 163840K, used 43236K [0x0000000082000000, 0x0000000800000000)
  region size 16384K, 1 young (16384K), 1 survivors (16384K)
 Metaspace       used 29952K, committed 30272K, reserved 1081344K
  class space    used 3618K, committed 3776K, reserved 1048576K
}
Event: 11.300 GC heap before
{Heap before GC invocations=7 (full 0):
 garbage-first heap   total 163840K, used 108772K [0x0000000082000000, 0x0000000800000000)
  region size 16384K, 5 young (81920K), 1 survivors (16384K)
 Metaspace       used 32319K, committed 32640K, reserved 1081344K
  class space    used 3947K, committed 4096K, reserved 1048576K
}
Event: 11.307 GC heap after
{Heap after GC invocations=8 (full 0):
 garbage-first heap   total 1130496K, used 67045K [0x0000000082000000, 0x0000000800000000)
  region size 16384K, 1 young (16384K), 1 survivors (16384K)
 Metaspace       used 32319K, committed 32640K, reserved 1081344K
  class space    used 3947K, committed 4096K, reserved 1048576K
}
Event: 11.428 GC heap before
{Heap before GC invocations=8 (full 0):
 garbage-first heap   total 1130496K, used 165349K [0x0000000082000000, 0x0000000800000000)
  region size 16384K, 8 young (131072K), 1 survivors (16384K)
 Metaspace       used 35878K, committed 36160K, reserved 1081344K
  class space    used 4405K, committed 4544K, reserved 1048576K
}
Event: 11.433 GC heap after
{Heap after GC invocations=9 (full 0):
 garbage-first heap   total 1130496K, used 76162K [0x0000000082000000, 0x0000000800000000)
  region size 16384K, 2 young (32768K), 2 survivors (32768K)
 Metaspace       used 35878K, committed 36160K, reserved 1081344K
  class space    used 4405K, committed 4544K, reserved 1048576K
}
Event: 11.635 GC heap before
{Heap before GC invocations=10 (full 0):
 garbage-first heap   total 393216K, used 240002K [0x0000000082000000, 0x0000000800000000)
  region size 16384K, 13 young (212992K), 2 survivors (32768K)
 Metaspace       used 41191K, committed 41472K, reserved 1089536K
  class space    used 5243K, committed 5376K, reserved 1048576K
}
Event: 11.640 GC heap after
{Heap after GC invocations=11 (full 0):
 garbage-first heap   total 393216K, used 84186K [0x0000000082000000, 0x0000000800000000)
  region size 16384K, 2 young (32768K), 2 survivors (32768K)
 Metaspace       used 41191K, committed 41472K, reserved 1089536K
  class space    used 5243K, committed 5376K, reserved 1048576K
}
Event: 11.649 GC heap before
{Heap before GC invocations=11 (full 0):
 garbage-first heap   total 393216K, used 100570K [0x0000000082000000, 0x0000000800000000)
  region size 16384K, 3 young (49152K), 2 survivors (32768K)
 Metaspace       used 41191K, committed 41472K, reserved 1089536K
  class space    used 5243K, committed 5376K, reserved 1048576K
}
Event: 11.652 GC heap after
{Heap after GC invocations=12 (full 0):
 garbage-first heap   total 393216K, used 87534K [0x0000000082000000, 0x0000000800000000)
  region size 16384K, 1 young (16384K), 1 survivors (16384K)
 Metaspace       used 41191K, committed 41472K, reserved 1089536K
  class space    used 5243K, committed 5376K, reserved 1048576K
}
Event: 11.741 GC heap before
{Heap before GC invocations=12 (full 0):
 garbage-first heap   total 393216K, used 251374K [0x0000000082000000, 0x0000000800000000)
  region size 16384K, 11 young (180224K), 1 survivors (16384K)
 Metaspace       used 41415K, committed 41664K, reserved 1089536K
  class space    used 5269K, committed 5376K, reserved 1048576K
}
Event: 11.743 GC heap after
{Heap after GC invocations=13 (full 0):
 garbage-first heap   total 393216K, used 90664K [0x0000000082000000, 0x0000000800000000)
  region size 16384K, 1 young (16384K), 1 survivors (16384K)
 Metaspace       used 41415K, committed 41664K, reserved 1089536K
  class space    used 5269K, committed 5376K, reserved 1048576K
}
Event: 11.928 GC heap before
{Heap before GC invocations=14 (full 0):
 garbage-first heap   total 393216K, used 254504K [0x0000000082000000, 0x0000000800000000)
  region size 16384K, 11 young (180224K), 1 survivors (16384K)
 Metaspace       used 44158K, committed 44544K, reserved 1089536K
  class space    used 5643K, committed 5824K, reserved 1048576K
}
Event: 11.930 GC heap after
{Heap after GC invocations=15 (full 0):
 garbage-first heap   total 393216K, used 93588K [0x0000000082000000, 0x0000000800000000)
  region size 16384K, 1 young (16384K), 1 survivors (16384K)
 Metaspace       used 44158K, committed 44544K, reserved 1089536K
  class space    used 5643K, committed 5824K, reserved 1048576K
}
Event: 11.949 GC heap before
{Heap before GC invocations=15 (full 0):
 garbage-first heap   total 393216K, used 109972K [0x0000000082000000, 0x0000000800000000)
  region size 16384K, 2 young (32768K), 1 survivors (16384K)
 Metaspace       used 44498K, committed 44864K, reserved 1089536K
  class space    used 5709K, committed 5888K, reserved 1048576K
}
Event: 11.954 GC heap after
{Heap after GC invocations=16 (full 0):
 garbage-first heap   total 1245184K, used 60913K [0x0000000082000000, 0x0000000800000000)
  region size 16384K, 1 young (16384K), 1 survivors (16384K)
 Metaspace       used 44498K, committed 44864K, reserved 1089536K
  class space    used 5709K, committed 5888K, reserved 1048576K
}

